[20-07-2026 15:33:29] ==================================================
[20-07-2026 15:33:29] SR FASHION AUTO UPDATE
[20-07-2026 15:33:29] ==================================================
[20-07-2026 15:33:42] ==================================================
[20-07-2026 15:33:42] SR FASHION AUTO UPDATE
[20-07-2026 15:33:42] ==================================================
[20-07-2026 15:35:30] ==================================================
[20-07-2026 15:35:30] SR FASHION AUTO UPDATE
[20-07-2026 15:35:30] ==================================================
[20-07-2026 15:43:29] ==================================================
[20-07-2026 15:43:29] SR FASHION AUTO UPDATE
[20-07-2026 15:43:29] ==================================================
[20-07-2026 15:45:30] ==================================================
[20-07-2026 15:45:30] SR FASHION AUTO UPDATE
[20-07-2026 15:45:30] ==================================================
[20-07-2026 15:53:29] ==================================================
[20-07-2026 15:53:29] SR FASHION AUTO UPDATE
[20-07-2026 15:53:29] ==================================================
[20-07-2026 15:53:29] Running export_items.py...
[20-07-2026 15:53:29] Export failed.
[20-07-2026 15:55:30] ==================================================
[20-07-2026 15:55:30] SR FASHION AUTO UPDATE
[20-07-2026 15:55:30] ==================================================
[20-07-2026 15:55:30] Running export_items.py...
[20-07-2026 15:55:31] Export failed.
[20-07-2026 16:03:29] ==================================================
[20-07-2026 16:03:29] SR FASHION AUTO UPDATE
[20-07-2026 16:03:29] ==================================================
[20-07-2026 16:03:29] Running export_items.py...
[20-07-2026 16:03:29] Export failed.
[20-07-2026 16:05:30] ==================================================
[20-07-2026 16:05:30] SR FASHION AUTO UPDATE
[20-07-2026 16:05:30] ==================================================
[20-07-2026 16:05:30] Running export_items.py...
[20-07-2026 16:05:31] Export failed.
[20-07-2026 16:13:29] ==================================================
[20-07-2026 16:13:29] SR FASHION AUTO UPDATE
[20-07-2026 16:13:29] ==================================================
[20-07-2026 16:13:29] Running export_items.py...
[20-07-2026 16:13:29] Checking repository changes...
[20-07-2026 16:13:29] Running git_sync.py...
[20-07-2026 16:13:29] Git sync failed.
[20-07-2026 16:15:30] ==================================================
[20-07-2026 16:15:30] SR FASHION AUTO UPDATE
[20-07-2026 16:15:30] ==================================================
[20-07-2026 16:15:30] Running export_items.py...
[20-07-2026 16:15:31] Checking repository changes...
[20-07-2026 16:15:31] Running git_sync.py...
[20-07-2026 16:15:31] Git sync failed.
[20-07-2026 16:23:29] ==================================================
[20-07-2026 16:23:29] SR FASHION AUTO UPDATE
[20-07-2026 16:23:29] ==================================================
[20-07-2026 16:23:29] Running export_items.py...
[20-07-2026 16:23:29] Checking repository changes...
[20-07-2026 16:23:29] Running git_sync.py...
[20-07-2026 16:23:29] Git sync failed.
[20-07-2026 16:25:31] ==================================================
[20-07-2026 16:25:31] SR FASHION AUTO UPDATE
[20-07-2026 16:25:31] ==================================================
[20-07-2026 16:25:31] Running export_items.py...
[20-07-2026 16:25:31] Checking repository changes...
[20-07-2026 16:25:31] Running git_sync.py...
[20-07-2026 16:25:31] Git sync failed.
[20-07-2026 16:33:29] ==================================================
[20-07-2026 16:33:29] SR FASHION AUTO UPDATE
[20-07-2026 16:33:29] ==================================================
[20-07-2026 16:33:29] Running export_items.py...
[20-07-2026 16:33:29] Checking repository changes...
[20-07-2026 16:33:29] Running git_sync.py...
[20-07-2026 16:33:33] WEBSITE UPDATED SUCCESSFULLY!
[20-07-2026 16:35:30] ==================================================
[20-07-2026 16:35:30] SR FASHION AUTO UPDATE
[20-07-2026 16:35:30] ==================================================
[20-07-2026 16:35:30] Running export_items.py...
[20-07-2026 16:35:31] Checking repository changes...
[20-07-2026 16:35:31] Running git_sync.py...
